<?xml version="1.0" encoding="utf-8"?><testsuites name="pytest tests"><testsuite name="pytest" errors="0" failures="0" skipped="0" tests="3" time="1.629" timestamp="2026-09-16T14:23:39.302656+00:00" hostname="agent-env-d3244e01-f003-4863-a8b7-10e2379b2c20"><testcase classname="tests.test_final_retest" name="test_media_gallery_eventi_returns_at_least_4" time="0.409" /><testcase classname="tests.test_final_retest" name="test_media_gallery_location_and_dettagli" time="0.227" /><testcase classname="tests.test_final_retest" name="test_partial_put_settings_preserves_nested" time="0.684" /></testsuite></testsuites>