<?xml version="1.0" encoding="utf-8"?><testsuites name="pytest tests"><testsuite name="pytest" errors="0" failures="1" skipped="0" tests="8" time="2.126" timestamp="2026-09-16T15:02:08.392457+00:00" hostname="agent-env-d3244e01-f003-4863-a8b7-10e2379b2c20"><testcase classname="tests.test_iter13_new_features.TestSettingsGalleryPreview" name="test_get_settings_has_defaults" time="0.413" /><testcase classname="tests.test_iter13_new_features.TestMediaReorderAndPatch" name="test_reorder_and_patch" time="0.938"><failure message="AssertionError: Expected ['a190fb16-8567-4293-8ee1-ff5947394607', '3a94771e-d980-4d0e-bfb7-df755d8e3f26', '87bc860c-43a0-4b1f-9706-573d7eb410ba'], got ['ea0140f1-4275-4a85-bf38-52b1db3232eb', 'a190fb16-8567-4293-8ee1-ff5947394607', '3a94771e-d980-4d0e-bfb7-df755d8e3f26']&#10;assert ['ea0140f1-42...df755d8e3f26'] == ['a190fb16-85...573d7eb410ba']&#10;  &#10;  At index 0 diff: 'ea0140f1-4275-4a85-bf38-52b1db3232eb' != 'a190fb16-8567-4293-8ee1-ff5947394607'&#10;  &#10;  Full diff:&#10;    [&#10;  +     'ea0140f1-4275-4a85-bf38-52b1db3232eb',&#10;        'a190fb16-8567-4293-8ee1-ff5947394607',...&#10;  &#10;  ...Full output truncated (3 lines hidden), use '-vv' to show">backend/tests/test_iter13_new_features.py:117: in test_reorder_and_patch
    assert got_head == reversed_ids, f"Expected {reversed_ids}, got {got_head}"
E   AssertionError: Expected ['a190fb16-8567-4293-8ee1-ff5947394607', '3a94771e-d980-4d0e-bfb7-df755d8e3f26', '87bc860c-43a0-4b1f-9706-573d7eb410ba'], got ['ea0140f1-4275-4a85-bf38-52b1db3232eb', 'a190fb16-8567-4293-8ee1-ff5947394607', '3a94771e-d980-4d0e-bfb7-df755d8e3f26']
E   assert ['ea0140f1-42...df755d8e3f26'] == ['a190fb16-85...573d7eb410ba']
E     
E     At index 0 diff: 'ea0140f1-4275-4a85-bf38-52b1db3232eb' != 'a190fb16-8567-4293-8ee1-ff5947394607'
E     
E     Full diff:
E       [
E     +     'ea0140f1-4275-4a85-bf38-52b1db3232eb',
E           'a190fb16-8567-4293-8ee1-ff5947394607',...
E     
E     ...Full output truncated (3 lines hidden), use '-vv' to show</failure></testcase><testcase classname="tests.test_iter13_new_features.TestSettingsGalleryPreview" name="test_partial_put_updates_title_and_restores" time="0.833" /><testcase classname="tests.test_iter13_new_features.TestMediaReorderAndPatch" name="test_patch_category" time="0.470" /><testcase classname="tests.test_iter13_new_features.TestEventArtistPhoto" name="test_create_event_with_artist_photo" time="0.323" /><testcase classname="tests.test_iter13_new_features.TestMediaReorderAndPatch" name="test_patch_requires_admin" time="0.092" /><testcase classname="tests.test_iter13_new_features.TestMediaReorderAndPatch" name="test_reorder_requires_admin" time="0.152" /><testcase classname="tests.test_iter13_new_features.TestMediaReorderAndPatch" name="test_reorder_invalid_body" time="0.112" /></testsuite></testsuites>