<?xml version="1.0" encoding="utf-8"?><testsuites name="pytest tests"><testsuite name="pytest" errors="0" failures="0" skipped="0" tests="4" time="2.229" timestamp="2026-09-16T13:46:26.205524+00:00" hostname="agent-env-d3244e01-f003-4863-a8b7-10e2379b2c20"><testcase classname="tests.test_contact_and_gallery" name="test_settings_has_contact_defaults" time="0.362" /><testcase classname="tests.test_contact_and_gallery" name="test_settings_has_gallery_groups_defaults" time="0.120" /><testcase classname="tests.test_contact_and_gallery" name="test_settings_roundtrip" time="1.034" /><testcase classname="tests.test_contact_and_gallery" name="test_media_category_filter" time="0.382" /></testsuite></testsuites>