<?xml version="1.0" encoding="utf-8"?><testsuites name="pytest tests"><testsuite name="pytest" errors="0" failures="0" skipped="0" tests="6" time="2.202" timestamp="2026-09-16T11:58:15.284343+00:00" hostname="agent-env-d3244e01-f003-4863-a8b7-10e2379b2c20"><testcase classname="tests.test_events_and_patcher.TestSettingsBackfill" name="test_settings_has_about_zones" time="0.375" /><testcase classname="tests.test_events_and_patcher.TestEventLifecycle" name="test_full_event_crud" time="1.534" /><testcase classname="tests.test_events_and_patcher.TestSettingsBackfill" name="test_about_keys_present" time="0.254" /><testcase classname="tests.test_events_and_patcher.TestSettingsBackfill" name="test_logo_url_present" time="0.087" /><testcase classname="tests.test_events_and_patcher.TestSettingsBackfill" name="test_logo_file_serves" time="0.718" /><testcase classname="tests.test_events_and_patcher.TestSettingsPreservesLogo" name="test_put_settings_keeps_logo" time="0.323" /></testsuite></testsuites>