<?xml version="1.0" encoding="utf-8"?><testsuites name="pytest tests"><testsuite name="pytest" errors="0" failures="0" skipped="0" tests="3" time="1.725" timestamp="2026-09-16T15:42:38.678928+00:00" hostname="agent-env-d3244e01-f003-4863-a8b7-10e2379b2c20"><testcase classname="tests.test_iter14_floorplan" name="test_settings_floorplan_zones_defaults" time="0.323" /><testcase classname="tests.test_iter14_floorplan" name="test_partial_put_floorplan_zones_replaces_and_restore" time="0.940" /><testcase classname="tests.test_iter14_floorplan" name="test_regression_events_and_upcoming" time="0.133" /></testsuite></testsuites>