<?xml version="1.0" encoding="utf-8"?><testsuites name="pytest tests"><testsuite name="pytest" errors="0" failures="0" skipped="0" tests="4" time="1.965" timestamp="2026-09-16T11:43:15.995452+00:00" hostname="agent-env-d3244e01-f003-4863-a8b7-10e2379b2c20"><testcase classname="tests.test_stats_and_content" name="test_stats_requires_auth" time="0.322" /><testcase classname="tests.test_stats_and_content" name="test_stats_shape" time="0.567" /><testcase classname="tests.test_stats_and_content" name="test_settings_has_home_keys" time="0.088" /><testcase classname="tests.test_stats_and_content" name="test_settings_roundtrip_home_hero_line1" time="0.634" /></testsuite></testsuites>