<?xml version="1.0" encoding="utf-8"?><testsuites name="pytest tests"><testsuite name="pytest" errors="0" failures="0" skipped="0" tests="2" time="1.714" timestamp="2026-09-16T14:15:13.201358+00:00" hostname="agent-env-d3244e01-f003-4863-a8b7-10e2379b2c20"><testcase classname="tests.test_partial_settings" name="test_partial_put_does_not_wipe_zones_and_groups" time="0.890" /><testcase classname="tests.test_partial_settings" name="test_full_payload_put_persists_reorder_and_append" time="0.432" /></testsuite></testsuites>