<?xml version="1.0" encoding="utf-8"?><testsuites name="pytest tests"><testsuite name="pytest" errors="0" failures="0" skipped="0" tests="6" time="1.793" timestamp="2026-09-15T14:38:55.892166+00:00" hostname="agent-env-d3244e01-f003-4863-a8b7-10e2379b2c20"><testcase classname="tests.test_bookings_and_settings" name="test_settings_populated" time="0.313" /><testcase classname="tests.test_bookings_and_settings" name="test_past_events" time="0.193" /><testcase classname="tests.test_bookings_and_settings" name="test_create_booking_no_auth" time="0.099" /><testcase classname="tests.test_bookings_and_settings" name="test_admin_bookings_requires_auth" time="0.080" /><testcase classname="tests.test_bookings_and_settings" name="test_admin_bookings_list" time="0.448" /><testcase classname="tests.test_bookings_and_settings" name="test_admin_booking_status_update" time="0.161" /></testsuite></testsuites>