<?xml version="1.0" encoding="utf-8"?><testsuites name="pytest tests"><testsuite name="pytest" errors="0" failures="0" skipped="0" tests="35" time="5.472" timestamp="2026-09-17T17:27:43.454420+00:00" hostname="agent-env-f8a258f5-fe09-46f4-9b1a-bd4750a892b9"><testcase classname="tests.test_glitz_app.TestAuth" name="test_register_returns_token_and_user" time="0.479" /><testcase classname="tests.test_glitz_app.TestAuthGating" name="test_endpoint_requires_auth[/api/events]" time="0.479" /><testcase classname="tests.test_glitz_app.TestAuthGating" name="test_endpoint_requires_auth[/api/events/ev-01]" time="0.154" /><testcase classname="tests.test_glitz_app.TestAuthGating" name="test_endpoint_requires_auth[/api/menu]" time="0.275" /><testcase classname="tests.test_glitz_app.TestAuthGating" name="test_endpoint_requires_auth[/api/tables/zones]" time="0.153" /><testcase classname="tests.test_glitz_app.TestAuth" name="test_register_duplicate_email_409" time="0.641" /><testcase classname="tests.test_glitz_app.TestAuthGating" name="test_endpoint_requires_auth[/api/my-night]" time="0.180" /><testcase classname="tests.test_glitz_app.TestAuth" name="test_register_bad_password_400" time="0.213" /><testcase classname="tests.test_glitz_app.TestAuthGating" name="test_endpoint_requires_auth[/api/tickets]" time="0.142" /><testcase classname="tests.test_glitz_app.TestAuth" name="test_login_success" time="0.377" /><testcase classname="tests.test_glitz_app.TestAuthGating" name="test_endpoint_requires_auth[/api/table-requests]" time="0.330" /><testcase classname="tests.test_glitz_app.TestAuth" name="test_login_wrong_password_401" time="0.410" /><testcase classname="tests.test_glitz_app.TestAuthGating" name="test_endpoint_requires_auth[/api/groups]" time="0.404" /><testcase classname="tests.test_glitz_app.TestAuthGating" name="test_endpoint_requires_auth[/api/help]" time="0.143" /><testcase classname="tests.test_glitz_app.TestAuth" name="test_me_with_token" time="0.182" /><testcase classname="tests.test_glitz_app.TestAuth" name="test_me_without_token_401" time="0.340" /><testcase classname="tests.test_glitz_app.TestAuth" name="test_me_bad_token_401" time="0.156" /><testcase classname="tests.test_glitz_app.TestEvents" name="test_list_events" time="0.538" /><testcase classname="tests.test_glitz_app.TestAuth" name="test_profile_patch" time="0.318" /><testcase classname="tests.test_glitz_app.TestEvents" name="test_get_event" time="0.251" /><testcase classname="tests.test_glitz_app.TestEvents" name="test_get_event_404" time="0.149" /><testcase classname="tests.test_glitz_app.TestTickets" name="test_buy_ticket_and_persists" time="0.363" /><testcase classname="tests.test_glitz_app.TestPhoneOtp" name="test_phone_status_not_configured" time="0.221" /><testcase classname="tests.test_glitz_app.TestPhoneOtp" name="test_phone_send_503" time="0.160" /><testcase classname="tests.test_glitz_app.TestTickets" name="test_buy_ticket_invalid_formula" time="0.141" /><testcase classname="tests.test_glitz_app.TestMenuTables" name="test_menu" time="0.142" /><testcase classname="tests.test_glitz_app.TestTickets" name="test_my_night_next_ticket_populated" time="0.205" /><testcase classname="tests.test_glitz_app.TestMenuTables" name="test_zones" time="0.154" /><testcase classname="tests.test_glitz_app.TestTableRequests" name="test_create_table_request" time="0.316" /><testcase classname="tests.test_glitz_app.TestGroups" name="test_create_and_join_group" time="0.789" /><testcase classname="tests.test_glitz_app.TestTableRequests" name="test_create_table_bad_zone_404" time="0.257" /><testcase classname="tests.test_glitz_app.TestShowStillWorks" name="test_state" time="0.182" /><testcase classname="tests.test_glitz_app.TestShowStillWorks" name="test_press" time="0.326" /><testcase classname="tests.test_glitz_app.TestGroups" name="test_join_bad_code_404" time="0.132" /><testcase classname="tests.test_glitz_app.TestHelp" name="test_create_help" time="0.335" /></testsuite></testsuites>