<?xml version="1.0" encoding="utf-8"?><testsuites name="pytest tests"><testsuite name="pytest" errors="0" failures="0" skipped="0" tests="11" time="17.143" timestamp="2026-09-17T17:46:18.490513+00:00" hostname="agent-env-f8a258f5-fe09-46f4-9b1a-bd4750a892b9"><testcase classname="tests.test_table_service.TestOrders" name="test_empty_cart_rejected" time="0.911" /><testcase classname="tests.test_table_service.TestWaiterCalls" name="test_invalid_type_returns_400" time="0.744" /><testcase classname="tests.test_table_service.TestWaiterCalls" name="test_create_and_list_call" time="0.708" /><testcase classname="tests.test_table_service.TestOrders" name="test_create_order_computes_total_and_persists" time="0.921" /><testcase classname="tests.test_table_service.TestWaiterCalls" name="test_all_valid_types_accepted" time="1.201" /><testcase classname="tests.test_table_service.TestOrders" name="test_order_isolation_per_user" time="0.811" /><testcase classname="tests.test_table_service.TestAuthGating" name="test_waiter_calls_requires_auth" time="0.238" /><testcase classname="tests.test_table_service.TestWaiterCalls" name="test_call_status_advances_after_12s" time="13.684" /><testcase classname="tests.test_table_service.TestAuthGating" name="test_orders_requires_auth" time="0.295" /><testcase classname="tests.test_table_service.TestOrderTotals" name="test_total_is_rounded_to_two_decimals" time="0.498" /><testcase classname="tests.test_table_service.TestMenu" name="test_menu_has_expanded_bottiglie" time="0.464" /></testsuite></testsuites>