<?xml version="1.0" encoding="utf-8"?><testsuites name="pytest tests"><testsuite name="pytest" errors="0" failures="0" skipped="0" tests="13" time="2.735" timestamp="2026-09-17T18:14:25.416025+00:00" hostname="agent-env-f8a258f5-fe09-46f4-9b1a-bd4750a892b9"><testcase classname="tests.test_iteration4_glitz_import.TestServiceAuth" name="test_waiter_call_requires_bearer" time="0.296" /><testcase classname="tests.test_iteration4_glitz_import.TestServiceAuth" name="test_order_requires_bearer" time="0.241" /><testcase classname="tests.test_iteration4_glitz_import.TestEvents" name="test_events_list_has_only_three_seed" time="0.737" /><testcase classname="tests.test_iteration4_glitz_import.TestEvents" name="test_events_have_real_titles_and_covers" time="0.236" /><testcase classname="tests.test_iteration4_glitz_import.TestEvents" name="test_event_by_id[ev-damante]" time="0.199" /><testcase classname="tests.test_iteration4_glitz_import.TestServiceAuth" name="test_waiter_call_and_order_success" time="1.170" /><testcase classname="tests.test_iteration4_glitz_import.TestEvents" name="test_event_by_id[ev-giada]" time="0.185" /><testcase classname="tests.test_iteration4_glitz_import.TestEvents" name="test_event_by_id[ev-raul]" time="0.173" /><testcase classname="tests.test_iteration4_glitz_import.TestEvents" name="test_event_by_id_404" time="0.190" /><testcase classname="tests.test_iteration4_glitz_import.TestZones" name="test_zones_shape" time="0.232" /><testcase classname="tests.test_iteration4_glitz_import.TestClubInfo" name="test_club_info" time="0.172" /><testcase classname="tests.test_iteration4_glitz_import.TestTickets" name="test_buy_ticket_for_real_event" time="0.510" /><testcase classname="tests.test_iteration4_glitz_import.TestZones" name="test_arco2_unavailable" time="0.207" /></testsuite></testsuites>